2021-09-12 23:50:15 INFO  ebanking:15 - URL is opened
2021-09-12 23:50:15 INFO  ebanking:20 - Username is entered
2021-09-12 23:50:15 INFO  ebanking:23 - Password is entered
2021-09-12 23:50:17 INFO  ebanking:30 - Login is passed
2021-09-13 00:26:53 INFO  ebanking:15 - URL is opened
2021-09-13 00:26:53 INFO  ebanking:20 - Username is entered
2021-09-13 00:26:53 INFO  ebanking:23 - Password is entered
2021-09-13 00:26:55 INFO  ebanking:30 - Login is passed
2021-09-13 00:52:39 INFO  ebanking:15 - URL is opened
2021-09-13 00:52:39 INFO  ebanking:20 - Username is entered
2021-09-13 00:52:39 INFO  ebanking:23 - Password is entered
2021-09-13 00:52:40 INFO  ebanking:30 - Login is passed
2021-09-13 00:53:32 INFO  ebanking:15 - URL is opened
2021-09-13 00:53:32 INFO  ebanking:20 - Username is entered
2021-09-13 00:53:32 INFO  ebanking:23 - Password is entered
2021-09-13 00:53:33 INFO  ebanking:30 - Login is passed
2021-09-13 00:54:04 INFO  ebanking:15 - URL is opened
2021-09-13 00:54:04 INFO  ebanking:20 - Username is entered
2021-09-13 00:54:04 INFO  ebanking:23 - Password is entered
2021-09-13 00:54:06 INFO  ebanking:30 - Login is passed
2021-09-13 01:28:52 INFO  ebanking:49 - URL is opened
2021-09-13 01:28:52 INFO  ebanking:18 - Username is entered
2021-09-13 01:28:52 INFO  ebanking:21 - Password is entered
2021-09-13 01:28:54 INFO  ebanking:28 - Login is passed
2021-09-13 01:29:10 INFO  ebanking:49 - URL is opened
2021-09-13 01:29:10 INFO  ebanking:18 - Username is entered
2021-09-13 01:29:10 INFO  ebanking:21 - Password is entered
2021-09-13 01:29:13 INFO  ebanking:28 - Login is passed
2021-09-13 01:29:33 INFO  ebanking:49 - URL is opened
2021-09-13 01:29:34 INFO  ebanking:18 - Username is entered
2021-09-13 01:29:34 INFO  ebanking:21 - Password is entered
2021-09-13 01:29:35 INFO  ebanking:28 - Login is passed
2021-09-13 01:29:51 INFO  ebanking:49 - URL is opened
2021-09-13 01:29:51 INFO  ebanking:18 - Username is entered
2021-09-13 01:29:51 INFO  ebanking:21 - Password is entered
2021-09-13 01:29:54 INFO  ebanking:28 - Login is passed
2021-09-13 01:32:10 INFO  ebanking:49 - URL is opened
2021-09-13 01:32:10 INFO  ebanking:18 - Username is entered
2021-09-13 01:32:10 INFO  ebanking:21 - Password is entered
2021-09-13 01:32:11 INFO  ebanking:28 - Login is passed
2021-09-16 00:46:59 INFO  ebanking:49 - URL is opened
2021-09-16 00:46:59 INFO  ebanking:18 - Username is entered
2021-09-16 00:46:59 INFO  ebanking:21 - Password is entered
2021-09-16 00:47:00 INFO  ebanking:28 - Login is passed
2021-09-16 00:50:56 INFO  ebanking:49 - URL is opened
2021-09-16 00:50:56 INFO  ebanking:18 - Username is entered
2021-09-16 00:50:56 INFO  ebanking:21 - Password is entered
2021-09-16 00:50:57 INFO  ebanking:28 - Login is passed
2021-09-16 00:54:57 INFO  ebanking:49 - URL is opened
2021-09-16 00:54:57 INFO  ebanking:18 - Username is entered
2021-09-16 00:54:57 INFO  ebanking:21 - Password is entered
2021-09-16 00:54:58 INFO  ebanking:28 - Login is passed
2021-09-16 01:00:33 INFO  ebanking:17 - URL is opened
2021-09-16 01:00:33 INFO  ebanking:21 - Username is entered
2021-09-16 01:00:33 INFO  ebanking:24 - Password is entered
2021-09-16 01:00:34 INFO  ebanking:31 - Login is passed
2021-09-16 01:02:46 INFO  ebanking:15 - URL is opened
2021-09-16 01:02:46 INFO  ebanking:19 - Username is entered
2021-09-16 01:02:46 INFO  ebanking:22 - Password is entered
2021-09-16 01:02:48 INFO  ebanking:29 - Login is passed
2021-09-16 03:10:16 INFO  ebanking:17 - URL is opened
2021-09-16 03:10:16 INFO  ebanking:21 - Username is entered
2021-09-16 03:10:16 INFO  ebanking:24 - Password is entered
2021-09-16 03:12:26 INFO  ebanking:17 - URL is opened
2021-09-16 03:12:26 INFO  ebanking:21 - Username is entered
2021-09-16 03:12:26 INFO  ebanking:24 - Password is entered
2021-09-16 03:15:41 INFO  ebanking:17 - URL is opened
2021-09-16 03:15:41 INFO  ebanking:21 - Username is entered
2021-09-16 03:15:41 INFO  ebanking:24 - Password is entered
2021-09-20 01:35:04 INFO  ebanking:17 - URL is opened
2021-09-20 01:35:05 INFO  ebanking:21 - Username is entered
2021-09-20 01:35:05 INFO  ebanking:24 - Password is entered
2021-09-21 00:38:19 INFO  ebanking:20 - username provided
2021-09-21 00:38:19 INFO  ebanking:22 - password provided
2021-09-21 00:38:23 WARN  ebanking:37 - Login passed
2021-09-21 00:38:30 INFO  ebanking:20 - username provided
2021-09-21 00:38:30 INFO  ebanking:22 - password provided
2021-09-21 00:38:35 INFO  ebanking:20 - username provided
2021-09-21 00:38:36 INFO  ebanking:22 - password provided
2021-09-21 00:38:41 INFO  ebanking:20 - username provided
2021-09-21 00:38:41 INFO  ebanking:22 - password provided
2021-09-21 00:38:45 WARN  ebanking:37 - Login passed
2021-09-21 00:38:53 INFO  ebanking:20 - username provided
2021-09-21 00:38:53 INFO  ebanking:22 - password provided
2021-09-21 00:41:43 INFO  ebanking:20 - username provided
2021-09-21 00:41:43 INFO  ebanking:22 - password provided
2021-09-21 00:41:47 WARN  ebanking:38 - Login passed
2021-09-21 00:41:55 INFO  ebanking:20 - username provided
2021-09-21 00:41:55 INFO  ebanking:22 - password provided
2021-09-21 00:42:03 INFO  ebanking:20 - username provided
2021-09-21 00:42:03 INFO  ebanking:22 - password provided
2021-09-21 00:42:08 INFO  ebanking:20 - username provided
2021-09-21 00:42:08 INFO  ebanking:22 - password provided
2021-09-21 00:42:12 WARN  ebanking:38 - Login passed
2021-09-21 00:42:19 INFO  ebanking:20 - username provided
2021-09-21 00:42:19 INFO  ebanking:22 - password provided
2021-09-21 00:44:38 INFO  ebanking:20 - username provided
2021-09-21 00:44:38 INFO  ebanking:22 - password provided
2021-09-21 00:44:43 WARN  ebanking:38 - Login passed
2021-09-21 00:44:50 INFO  ebanking:20 - username provided
2021-09-21 00:44:50 INFO  ebanking:22 - password provided
2021-09-21 00:44:55 INFO  ebanking:20 - username provided
2021-09-21 00:44:55 INFO  ebanking:22 - password provided
2021-09-21 00:45:01 INFO  ebanking:20 - username provided
2021-09-21 00:45:01 INFO  ebanking:22 - password provided
2021-09-21 00:45:05 WARN  ebanking:38 - Login passed
2021-09-21 00:45:13 INFO  ebanking:20 - username provided
2021-09-21 00:45:13 INFO  ebanking:22 - password provided
2021-09-21 00:48:30 INFO  ebanking:20 - username provided
2021-09-21 00:48:30 INFO  ebanking:22 - password provided
2021-09-21 00:48:34 WARN  ebanking:39 - Login passed
2021-09-21 00:48:42 INFO  ebanking:20 - username provided
2021-09-21 00:48:42 INFO  ebanking:22 - password provided
2021-09-21 00:48:48 INFO  ebanking:20 - username provided
2021-09-21 00:48:48 INFO  ebanking:22 - password provided
2021-09-21 00:48:54 INFO  ebanking:20 - username provided
2021-09-21 00:48:54 INFO  ebanking:22 - password provided
2021-09-21 00:48:58 WARN  ebanking:39 - Login passed
2021-09-21 00:49:05 INFO  ebanking:20 - username provided
2021-09-21 00:49:05 INFO  ebanking:22 - password provided
2021-09-21 00:51:50 INFO  ebanking:20 - username provided
2021-09-21 00:51:50 INFO  ebanking:22 - password provided
2021-09-21 00:51:55 WARN  ebanking:40 - Login passed
2021-09-21 00:52:02 INFO  ebanking:20 - username provided
2021-09-21 00:52:02 INFO  ebanking:22 - password provided
2021-09-21 00:52:04 INFO  ebanking:20 - username provided
2021-09-21 00:52:04 INFO  ebanking:22 - password provided
2021-09-21 00:52:05 INFO  ebanking:20 - username provided
2021-09-21 00:52:06 INFO  ebanking:22 - password provided
2021-09-21 00:52:10 WARN  ebanking:40 - Login passed
2021-09-21 00:52:18 INFO  ebanking:20 - username provided
2021-09-21 00:52:18 INFO  ebanking:22 - password provided
2021-09-21 02:49:12 INFO  ebanking:21 - Username is provided
2021-09-21 02:49:12 INFO  ebanking:23 - Password is provided
2021-09-21 02:49:13 INFO  ebanking:25 - Login is successful
2021-09-21 02:49:15 INFO  ebanking:32 - Clicked new customer link
2021-09-21 02:49:15 INFO  ebanking:34 - Adding customer details:
2021-09-21 02:49:19 INFO  ebanking:54 - validation begins...
2021-09-21 02:50:08 INFO  ebanking:21 - Username is provided
2021-09-21 02:50:08 INFO  ebanking:23 - Password is provided
2021-09-21 02:50:09 INFO  ebanking:25 - Login is successful
2021-09-21 02:50:11 INFO  ebanking:32 - Clicked new customer link
2021-09-21 02:50:11 INFO  ebanking:34 - Adding customer details:
2021-09-21 02:50:15 INFO  ebanking:54 - validation begins...
2021-09-21 02:51:56 INFO  ebanking:21 - Username is provided
2021-09-21 02:51:56 INFO  ebanking:23 - Password is provided
2021-09-21 02:51:58 INFO  ebanking:25 - Login is successful
2021-09-21 02:51:59 INFO  ebanking:32 - Clicked new customer link
2021-09-21 02:51:59 INFO  ebanking:34 - Adding customer details:
2021-09-21 02:52:05 INFO  ebanking:57 - validation begins...
2021-09-21 02:54:16 INFO  ebanking:21 - Username is provided
2021-09-21 02:54:16 INFO  ebanking:23 - Password is provided
2021-09-21 02:54:17 INFO  ebanking:25 - Login is successful
2021-09-21 02:54:19 INFO  ebanking:32 - Clicked new customer link
2021-09-21 02:54:19 INFO  ebanking:34 - Adding customer details:
2021-09-21 02:54:25 INFO  ebanking:57 - validation begins...
2021-09-21 02:59:36 INFO  ebanking:21 - Username is provided
2021-09-21 02:59:36 INFO  ebanking:23 - Password is provided
2021-09-21 02:59:37 INFO  ebanking:25 - Login is successful
2021-09-21 02:59:39 INFO  ebanking:32 - Clicked new customer link
2021-09-21 02:59:39 INFO  ebanking:34 - Adding customer details:
2021-09-21 02:59:46 INFO  ebanking:57 - validation begins...
2021-09-21 03:01:42 INFO  ebanking:21 - Username is provided
2021-09-21 03:01:42 INFO  ebanking:23 - Password is provided
2021-09-21 03:01:44 INFO  ebanking:25 - Login is successful
2021-09-21 03:01:45 INFO  ebanking:32 - Clicked new customer link
2021-09-21 03:01:45 INFO  ebanking:34 - Adding customer details:
2021-09-21 03:01:53 INFO  ebanking:57 - validation begins...
2021-09-21 03:03:13 INFO  ebanking:21 - Username is provided
2021-09-21 03:03:13 INFO  ebanking:23 - Password is provided
2021-09-21 03:03:15 INFO  ebanking:25 - Login is successful
2021-09-21 03:03:16 INFO  ebanking:32 - Clicked new customer link
2021-09-21 03:03:16 INFO  ebanking:34 - Adding customer details:
2021-09-21 03:03:24 INFO  ebanking:57 - validation begins...
2021-09-21 03:03:47 INFO  ebanking:21 - Username is provided
2021-09-21 03:03:47 INFO  ebanking:23 - Password is provided
2021-09-21 03:03:48 INFO  ebanking:25 - Login is successful
2021-09-21 03:03:50 INFO  ebanking:32 - Clicked new customer link
2021-09-21 03:03:50 INFO  ebanking:34 - Adding customer details:
2021-09-21 03:03:57 INFO  ebanking:57 - validation begins...
2021-09-21 03:05:51 INFO  ebanking:21 - Username is provided
2021-09-21 03:05:51 INFO  ebanking:23 - Password is provided
2021-09-21 03:05:52 INFO  ebanking:25 - Login is successful
2021-09-21 03:05:53 INFO  ebanking:32 - Clicked new customer link
2021-09-21 03:05:53 INFO  ebanking:34 - Adding customer details:
2021-09-21 03:06:02 INFO  ebanking:60 - validation begins...
2021-09-21 03:13:42 INFO  ebanking:21 - Username is provided
2021-09-21 03:13:43 INFO  ebanking:23 - Password is provided
2021-09-21 03:13:44 INFO  ebanking:25 - Login is successful
2021-09-21 03:13:45 INFO  ebanking:32 - Clicked new customer link
2021-09-21 03:13:45 INFO  ebanking:34 - Adding customer details:
2021-09-21 03:13:56 INFO  ebanking:60 - validation begins...
2021-09-21 03:14:56 INFO  ebanking:21 - Username is provided
2021-09-21 03:14:56 INFO  ebanking:23 - Password is provided
2021-09-21 03:14:57 INFO  ebanking:25 - Login is successful
2021-09-21 03:14:58 INFO  ebanking:32 - Clicked new customer link
2021-09-21 03:14:58 INFO  ebanking:34 - Adding customer details:
2021-09-21 03:15:09 INFO  ebanking:60 - validation begins...
2021-09-21 03:16:42 INFO  ebanking:21 - Username is provided
2021-09-21 03:16:42 INFO  ebanking:23 - Password is provided
2021-09-21 03:16:43 INFO  ebanking:25 - Login is successful
2021-09-21 03:16:45 INFO  ebanking:32 - Clicked new customer link
2021-09-21 03:16:45 INFO  ebanking:34 - Adding customer details:
2021-09-21 03:16:55 INFO  ebanking:60 - validation begins...
2021-10-05 16:29:15 INFO  ebanking:21 - Username is provided
2021-10-05 16:29:15 INFO  ebanking:23 - Password is provided
2021-10-05 16:29:16 INFO  ebanking:25 - Login is successful
2021-10-05 16:30:32 INFO  ebanking:21 - Username is provided
2021-10-05 16:30:33 INFO  ebanking:23 - Password is provided
2021-10-05 16:30:38 INFO  ebanking:25 - Login is successful
2021-10-05 17:40:39 INFO  ebanking:21 - Username is provided
2021-10-05 17:40:39 INFO  ebanking:23 - Password is provided
2021-10-05 17:40:39 INFO  ebanking:25 - Login is successful
2021-10-05 17:42:18 INFO  ebanking:21 - Username is provided
2021-10-05 17:42:18 INFO  ebanking:23 - Password is provided
2021-10-05 17:42:19 INFO  ebanking:25 - Login is successful
2021-10-05 17:45:36 INFO  ebanking:21 - Username is provided
2021-10-05 17:45:36 INFO  ebanking:23 - Password is provided
2021-10-05 17:45:37 INFO  ebanking:25 - Login is successful
2021-10-05 18:13:04 INFO  ebanking:21 - Username is provided
2021-10-05 18:13:04 INFO  ebanking:23 - Password is provided
2021-10-05 18:13:05 INFO  ebanking:25 - Login is successful
2021-10-05 18:15:45 INFO  ebanking:21 - Username is provided
2021-10-05 18:15:45 INFO  ebanking:23 - Password is provided
2021-10-05 18:15:46 INFO  ebanking:25 - Login is successful
2021-10-05 18:15:48 INFO  ebanking:32 - Clicked new customer link
2021-10-05 18:15:48 INFO  ebanking:34 - Adding customer details:
2021-10-05 18:15:58 INFO  ebanking:60 - validation begins...
2021-10-05 18:18:50 INFO  ebanking:21 - Username is provided
2021-10-05 18:18:50 INFO  ebanking:23 - Password is provided
2021-10-05 18:18:53 INFO  ebanking:25 - Login is successful
2021-10-05 18:18:55 INFO  ebanking:32 - Clicked new customer link
2021-10-05 18:18:55 INFO  ebanking:34 - Adding customer details:
2021-10-05 18:19:06 INFO  ebanking:60 - validation begins...
2021-10-05 18:21:38 INFO  ebanking:21 - Username is provided
2021-10-05 18:21:38 INFO  ebanking:23 - Password is provided
2021-10-05 18:21:39 INFO  ebanking:25 - Login is successful
2021-10-05 18:21:40 INFO  ebanking:32 - Clicked new customer link
2021-10-05 18:21:40 INFO  ebanking:34 - Adding customer details:
2021-10-05 18:21:51 INFO  ebanking:60 - validation begins...
2021-10-05 18:33:55 INFO  ebanking:21 - Username is provided
2021-10-05 18:33:55 INFO  ebanking:23 - Password is provided
2021-10-05 18:33:56 INFO  ebanking:25 - Login is successful
2021-10-05 18:33:58 INFO  ebanking:32 - Clicked new customer link
2021-10-05 18:33:58 INFO  ebanking:34 - Adding customer details:
2021-10-05 18:34:08 INFO  ebanking:61 - validation begins...
2021-10-05 18:34:39 INFO  ebanking:21 - Username is provided
2021-10-05 18:34:39 INFO  ebanking:23 - Password is provided
2021-10-05 18:34:43 INFO  ebanking:25 - Login is successful
2021-10-05 18:34:46 INFO  ebanking:32 - Clicked new customer link
2021-10-05 18:34:46 INFO  ebanking:34 - Adding customer details:
2021-10-05 18:34:57 INFO  ebanking:61 - validation begins...
2021-10-05 18:35:12 INFO  ebanking:21 - Username is provided
2021-10-05 18:35:12 INFO  ebanking:23 - Password is provided
2021-10-05 18:35:14 INFO  ebanking:25 - Login is successful
2021-10-05 18:35:16 INFO  ebanking:32 - Clicked new customer link
2021-10-05 18:35:16 INFO  ebanking:34 - Adding customer details:
2021-10-05 18:35:27 INFO  ebanking:61 - validation begins...
2021-10-05 18:36:08 INFO  ebanking:21 - Username is provided
2021-10-05 18:36:08 INFO  ebanking:23 - Password is provided
2021-10-05 18:36:10 INFO  ebanking:25 - Login is successful
2021-10-05 18:36:12 INFO  ebanking:32 - Clicked new customer link
2021-10-05 18:36:12 INFO  ebanking:34 - Adding customer details:
2021-10-05 18:36:22 INFO  ebanking:61 - validation begins...
2021-10-05 18:38:13 INFO  ebanking:21 - Username is provided
2021-10-05 18:38:13 INFO  ebanking:23 - Password is provided
2021-10-05 18:38:15 INFO  ebanking:25 - Login is successful
2021-10-05 18:38:16 INFO  ebanking:32 - Clicked new customer link
2021-10-05 18:38:16 INFO  ebanking:34 - Adding customer details:
2021-10-05 18:38:34 INFO  ebanking:61 - validation begins...
2021-10-05 18:41:24 INFO  ebanking:22 - Username is provided
2021-10-05 18:41:24 INFO  ebanking:24 - Password is provided
2021-10-05 18:41:26 INFO  ebanking:26 - Login is successful
2021-10-05 18:41:28 INFO  ebanking:33 - Clicked new customer link
2021-10-05 18:41:28 INFO  ebanking:35 - Adding customer details:
2021-10-05 18:41:45 INFO  ebanking:62 - validation begins...
2021-10-06 10:55:38 INFO  ebanking:22 - Username is provided
2021-10-06 10:55:38 INFO  ebanking:24 - Password is provided
2021-10-06 10:55:42 INFO  ebanking:26 - Login is successful
2021-10-06 10:55:44 INFO  ebanking:33 - Clicked new customer link
2021-10-06 10:55:44 INFO  ebanking:35 - Adding customer details:
2021-10-06 10:56:01 INFO  ebanking:63 - validation begins...
2021-10-06 10:56:55 INFO  ebanking:17 - URL is opened
2021-10-06 10:56:55 INFO  ebanking:21 - Username is entered
2021-10-06 10:56:55 INFO  ebanking:24 - Password is entered
2021-10-06 10:57:04 INFO  ebanking:20 - username provided
2021-10-06 10:57:04 INFO  ebanking:22 - password provided
2021-10-06 10:57:09 INFO  ebanking:20 - username provided
2021-10-06 10:57:09 INFO  ebanking:22 - password provided
2021-10-06 10:57:15 INFO  ebanking:20 - username provided
2021-10-06 10:57:15 INFO  ebanking:22 - password provided
2021-10-06 10:57:20 INFO  ebanking:20 - username provided
2021-10-06 10:57:20 INFO  ebanking:22 - password provided
2021-10-06 10:57:26 INFO  ebanking:20 - username provided
2021-10-06 10:57:26 INFO  ebanking:22 - password provided
2021-10-06 10:59:49 INFO  ebanking:17 - URL is opened
2021-10-06 10:59:49 INFO  ebanking:21 - Username is entered
2021-10-06 10:59:49 INFO  ebanking:24 - Password is entered
2021-10-06 10:59:57 INFO  ebanking:20 - username provided
2021-10-06 10:59:58 INFO  ebanking:22 - password provided
2021-10-06 11:00:04 WARN  ebanking:40 - Login passed
2021-10-06 11:00:13 INFO  ebanking:20 - username provided
2021-10-06 11:00:13 INFO  ebanking:22 - password provided
2021-10-06 11:00:18 INFO  ebanking:20 - username provided
2021-10-06 11:00:19 INFO  ebanking:22 - password provided
2021-10-06 11:00:26 INFO  ebanking:20 - username provided
2021-10-06 11:00:26 INFO  ebanking:22 - password provided
2021-10-06 11:00:34 WARN  ebanking:40 - Login passed
2021-10-06 11:01:45 INFO  ebanking:17 - URL is opened
2021-10-06 11:01:45 INFO  ebanking:21 - Username is entered
2021-10-06 11:01:45 INFO  ebanking:24 - Password is entered
2021-10-06 11:01:54 INFO  ebanking:20 - username provided
2021-10-06 11:01:54 INFO  ebanking:22 - password provided
2021-10-06 11:01:58 WARN  ebanking:40 - Login passed
2021-10-06 11:02:05 INFO  ebanking:20 - username provided
2021-10-06 11:02:05 INFO  ebanking:22 - password provided
2021-10-06 11:02:11 INFO  ebanking:20 - username provided
2021-10-06 11:02:11 INFO  ebanking:22 - password provided
2021-10-06 11:02:16 INFO  ebanking:20 - username provided
2021-10-06 11:02:17 INFO  ebanking:22 - password provided
2021-10-06 11:02:21 WARN  ebanking:40 - Login passed
2021-10-06 11:02:27 INFO  ebanking:20 - username provided
2021-10-06 11:02:27 INFO  ebanking:22 - password provided
2021-10-08 19:17:17 INFO  ebanking:17 - URL is opened
2021-10-08 19:17:17 INFO  ebanking:21 - Username is entered
2021-10-08 19:17:17 INFO  ebanking:24 - Password is entered
2021-10-08 19:17:27 INFO  ebanking:20 - username provided
2021-10-08 19:17:27 INFO  ebanking:22 - password provided
2021-10-08 19:17:33 WARN  ebanking:40 - Login passed
2021-10-08 19:17:40 INFO  ebanking:20 - username provided
2021-10-08 19:17:40 INFO  ebanking:22 - password provided
2021-10-08 19:17:46 INFO  ebanking:20 - username provided
2021-10-08 19:17:46 INFO  ebanking:22 - password provided
2021-10-08 19:17:52 INFO  ebanking:20 - username provided
2021-10-08 19:17:52 INFO  ebanking:22 - password provided
2021-10-08 19:17:56 WARN  ebanking:40 - Login passed
2021-10-08 19:18:03 INFO  ebanking:20 - username provided
2021-10-08 19:18:03 INFO  ebanking:22 - password provided
2021-10-08 19:22:00 INFO  ebanking:17 - URL is opened
2021-10-08 19:22:00 INFO  ebanking:21 - Username is entered
2021-10-08 19:22:00 INFO  ebanking:24 - Password is entered
2021-10-08 19:22:09 INFO  ebanking:20 - username provided
2021-10-08 19:22:09 INFO  ebanking:22 - password provided
2021-10-08 19:22:14 WARN  ebanking:40 - Login passed
2021-10-08 19:22:25 INFO  ebanking:20 - username provided
2021-10-08 19:22:25 INFO  ebanking:22 - password provided
2021-10-08 19:22:30 INFO  ebanking:20 - username provided
2021-10-08 19:22:30 INFO  ebanking:22 - password provided
2021-10-08 19:22:36 INFO  ebanking:20 - username provided
2021-10-08 19:22:36 INFO  ebanking:22 - password provided
2021-10-08 19:22:41 WARN  ebanking:40 - Login passed
2021-10-08 19:22:47 INFO  ebanking:20 - username provided
2021-10-08 19:22:47 INFO  ebanking:22 - password provided
2021-10-08 19:33:34 INFO  ebanking:17 - URL is opened
2021-10-08 19:33:34 INFO  ebanking:21 - Username is entered
2021-10-08 19:33:34 INFO  ebanking:24 - Password is entered
2021-10-08 19:33:45 INFO  ebanking:20 - username provided
2021-10-08 19:33:45 INFO  ebanking:22 - password provided
2021-10-08 19:33:54 WARN  ebanking:40 - Login passed
2021-10-08 19:34:01 INFO  ebanking:20 - username provided
2021-10-08 19:34:01 INFO  ebanking:22 - password provided
2021-10-08 19:34:06 INFO  ebanking:20 - username provided
2021-10-08 19:34:06 INFO  ebanking:22 - password provided
2021-10-08 19:34:11 INFO  ebanking:20 - username provided
2021-10-08 19:34:11 INFO  ebanking:22 - password provided
2021-10-08 19:34:16 WARN  ebanking:40 - Login passed
2021-10-08 19:34:22 INFO  ebanking:20 - username provided
2021-10-08 19:34:22 INFO  ebanking:22 - password provided
2021-10-08 19:41:34 INFO  ebanking:17 - URL is opened
2021-10-08 19:41:34 INFO  ebanking:21 - Username is entered
2021-10-08 19:41:34 INFO  ebanking:24 - Password is entered
2021-10-08 19:41:47 INFO  ebanking:20 - username provided
2021-10-08 19:41:47 INFO  ebanking:22 - password provided
2021-10-08 19:41:54 WARN  ebanking:42 - Login passed
2021-10-08 19:42:05 INFO  ebanking:20 - username provided
2021-10-08 19:42:05 INFO  ebanking:22 - password provided
2021-10-08 19:42:12 INFO  ebanking:20 - username provided
2021-10-08 19:42:12 INFO  ebanking:22 - password provided
2021-10-08 19:42:19 INFO  ebanking:20 - username provided
2021-10-08 19:42:19 INFO  ebanking:22 - password provided
2021-10-08 19:42:26 WARN  ebanking:42 - Login passed
2021-10-08 19:42:35 INFO  ebanking:20 - username provided
2021-10-08 19:42:35 INFO  ebanking:22 - password provided
2021-10-08 19:45:09 INFO  ebanking:17 - URL is opened
2021-10-08 19:45:09 INFO  ebanking:21 - Username is entered
2021-10-08 19:45:09 INFO  ebanking:24 - Password is entered
2021-10-08 19:45:21 INFO  ebanking:20 - username provided
2021-10-08 19:45:21 INFO  ebanking:22 - password provided
2021-10-08 19:45:28 WARN  ebanking:42 - Login passed
2021-10-08 19:45:36 INFO  ebanking:20 - username provided
2021-10-08 19:45:36 INFO  ebanking:22 - password provided
2021-10-08 19:45:43 INFO  ebanking:20 - username provided
2021-10-08 19:45:43 INFO  ebanking:22 - password provided
2021-10-08 19:45:50 INFO  ebanking:20 - username provided
2021-10-08 19:45:50 INFO  ebanking:22 - password provided
2021-10-08 19:45:57 WARN  ebanking:42 - Login passed
2021-10-08 19:46:09 INFO  ebanking:20 - username provided
2021-10-08 19:46:09 INFO  ebanking:22 - password provided
2021-10-09 05:21:21 INFO  ebanking:17 - URL is opened
2021-10-09 05:21:21 INFO  ebanking:21 - Username is entered
2021-10-09 05:21:21 INFO  ebanking:24 - Password is entered
2021-10-09 05:21:33 INFO  ebanking:20 - username provided
2021-10-09 05:21:33 INFO  ebanking:22 - password provided
2021-10-09 05:21:40 WARN  ebanking:42 - Login passed
2021-10-09 05:21:47 INFO  ebanking:20 - username provided
2021-10-09 05:21:47 INFO  ebanking:22 - password provided
2021-10-09 05:21:54 INFO  ebanking:20 - username provided
2021-10-09 05:21:54 INFO  ebanking:22 - password provided
2021-10-09 05:22:01 INFO  ebanking:20 - username provided
2021-10-09 05:22:01 INFO  ebanking:22 - password provided
2021-10-09 05:22:08 WARN  ebanking:42 - Login passed
2021-10-09 05:22:16 INFO  ebanking:20 - username provided
2021-10-09 05:22:16 INFO  ebanking:22 - password provided
2021-10-09 05:23:04 INFO  ebanking:17 - URL is opened
2021-10-09 05:23:04 INFO  ebanking:21 - Username is entered
2021-10-09 05:23:04 INFO  ebanking:24 - Password is entered
2021-10-09 05:23:15 INFO  ebanking:20 - username provided
2021-10-09 05:23:15 INFO  ebanking:22 - password provided
2021-10-09 05:23:22 WARN  ebanking:42 - Login passed
2021-10-09 05:23:30 INFO  ebanking:20 - username provided
2021-10-09 05:23:30 INFO  ebanking:22 - password provided
2021-10-09 05:23:37 INFO  ebanking:20 - username provided
2021-10-09 05:23:37 INFO  ebanking:22 - password provided
2021-10-09 05:23:45 INFO  ebanking:20 - username provided
2021-10-09 05:23:45 INFO  ebanking:22 - password provided
2021-10-09 05:23:52 WARN  ebanking:42 - Login passed
2021-10-09 05:24:00 INFO  ebanking:20 - username provided
2021-10-09 05:24:00 INFO  ebanking:22 - password provided
2021-10-09 05:26:40 INFO  ebanking:17 - URL is opened
2021-10-09 05:26:40 INFO  ebanking:21 - Username is entered
2021-10-09 05:26:40 INFO  ebanking:24 - Password is entered
2021-10-09 05:26:57 INFO  ebanking:20 - username provided
2021-10-09 05:26:57 INFO  ebanking:22 - password provided
2021-10-09 05:27:05 WARN  ebanking:42 - Login passed
2021-10-09 05:27:11 INFO  ebanking:20 - username provided
2021-10-09 05:27:11 INFO  ebanking:22 - password provided
2021-10-09 05:27:18 INFO  ebanking:20 - username provided
2021-10-09 05:27:18 INFO  ebanking:22 - password provided
2021-10-09 05:27:25 INFO  ebanking:20 - username provided
2021-10-09 05:27:25 INFO  ebanking:22 - password provided
2021-10-09 05:27:32 WARN  ebanking:42 - Login passed
2021-10-09 05:27:40 INFO  ebanking:20 - username provided
2021-10-09 05:27:40 INFO  ebanking:22 - password provided
2021-10-09 05:29:00 INFO  ebanking:17 - URL is opened
2021-10-09 05:29:00 INFO  ebanking:21 - Username is entered
2021-10-09 05:29:00 INFO  ebanking:24 - Password is entered
2021-10-09 05:29:13 INFO  ebanking:20 - username provided
2021-10-09 05:29:13 INFO  ebanking:22 - password provided
2021-10-09 05:29:20 WARN  ebanking:42 - Login passed
2021-10-09 05:29:28 INFO  ebanking:20 - username provided
2021-10-09 05:29:28 INFO  ebanking:22 - password provided
2021-10-09 05:29:35 INFO  ebanking:20 - username provided
2021-10-09 05:29:35 INFO  ebanking:22 - password provided
2021-10-09 05:29:42 INFO  ebanking:20 - username provided
2021-10-09 05:29:42 INFO  ebanking:22 - password provided
2021-10-09 05:29:49 WARN  ebanking:42 - Login passed
2021-10-09 05:29:56 INFO  ebanking:20 - username provided
2021-10-09 05:29:56 INFO  ebanking:22 - password provided
2021-10-09 05:38:46 INFO  ebanking:17 - URL is opened
2021-10-09 05:38:46 INFO  ebanking:21 - Username is entered
2021-10-09 05:38:46 INFO  ebanking:24 - Password is entered
2021-10-09 05:38:59 INFO  ebanking:20 - username provided
2021-10-09 05:38:59 INFO  ebanking:22 - password provided
2021-10-09 05:39:10 WARN  ebanking:42 - Login passed
2021-10-09 05:39:39 INFO  ebanking:17 - URL is opened
2021-10-09 05:39:39 INFO  ebanking:21 - Username is entered
2021-10-09 05:39:39 INFO  ebanking:24 - Password is entered
2021-10-09 05:39:52 INFO  ebanking:20 - username provided
2021-10-09 05:39:52 INFO  ebanking:22 - password provided
2021-10-09 05:39:59 WARN  ebanking:42 - Login passed
2021-10-09 05:40:06 INFO  ebanking:20 - username provided
2021-10-09 05:40:06 INFO  ebanking:22 - password provided
2021-10-09 05:40:13 INFO  ebanking:20 - username provided
2021-10-09 05:40:13 INFO  ebanking:22 - password provided
2021-10-09 05:40:20 INFO  ebanking:20 - username provided
2021-10-09 05:40:20 INFO  ebanking:22 - password provided
2021-10-09 05:40:27 WARN  ebanking:42 - Login passed
2021-10-09 05:40:34 INFO  ebanking:20 - username provided
2021-10-09 05:40:34 INFO  ebanking:22 - password provided
2021-10-09 06:16:44 INFO  ebanking:17 - URL is opened
2021-10-09 06:16:44 INFO  ebanking:21 - Username is entered
2021-10-09 06:16:44 INFO  ebanking:24 - Password is entered
2021-10-09 06:16:57 INFO  ebanking:20 - username provided
2021-10-09 06:16:57 INFO  ebanking:22 - password provided
2021-10-09 06:17:04 WARN  ebanking:42 - Login passed
2021-10-09 06:17:11 INFO  ebanking:20 - username provided
2021-10-09 06:17:11 INFO  ebanking:22 - password provided
2021-10-09 06:17:18 INFO  ebanking:20 - username provided
2021-10-09 06:17:18 INFO  ebanking:22 - password provided
2021-10-09 06:17:25 INFO  ebanking:20 - username provided
2021-10-09 06:17:25 INFO  ebanking:22 - password provided
2021-10-09 06:17:32 WARN  ebanking:42 - Login passed
2021-10-09 06:17:39 INFO  ebanking:20 - username provided
2021-10-09 06:17:39 INFO  ebanking:22 - password provided
2021-10-09 06:22:53 INFO  ebanking:17 - URL is opened
2021-10-09 06:22:53 INFO  ebanking:21 - Username is entered
2021-10-09 06:22:53 INFO  ebanking:24 - Password is entered
2021-10-09 06:23:09 INFO  ebanking:20 - username provided
2021-10-09 06:23:10 INFO  ebanking:22 - password provided
2021-10-09 06:23:19 WARN  ebanking:42 - Login passed
2021-10-09 06:23:26 INFO  ebanking:20 - username provided
2021-10-09 06:23:26 INFO  ebanking:22 - password provided
2021-10-09 06:23:34 INFO  ebanking:20 - username provided
2021-10-09 06:23:34 INFO  ebanking:22 - password provided
2021-10-09 06:23:40 INFO  ebanking:20 - username provided
2021-10-09 06:23:40 INFO  ebanking:22 - password provided
2021-10-09 06:23:48 WARN  ebanking:42 - Login passed
2021-10-09 06:23:55 INFO  ebanking:20 - username provided
2021-10-09 06:23:55 INFO  ebanking:22 - password provided
2021-10-09 06:30:11 INFO  ebanking:17 - URL is opened
2021-10-09 06:30:11 INFO  ebanking:21 - Username is entered
2021-10-09 06:30:11 INFO  ebanking:24 - Password is entered
2021-10-09 06:30:30 INFO  ebanking:20 - username provided
2021-10-09 06:30:30 INFO  ebanking:22 - password provided
2021-10-09 06:30:39 WARN  ebanking:42 - Login passed
2021-10-09 06:30:50 INFO  ebanking:20 - username provided
2021-10-09 06:30:50 INFO  ebanking:22 - password provided
2021-10-09 06:30:58 INFO  ebanking:20 - username provided
2021-10-09 06:30:58 INFO  ebanking:22 - password provided
2021-10-09 06:31:22 INFO  ebanking:17 - URL is opened
2021-10-09 06:31:23 INFO  ebanking:21 - Username is entered
2021-10-09 06:31:23 INFO  ebanking:24 - Password is entered
2021-10-09 06:31:36 INFO  ebanking:20 - username provided
2021-10-09 06:31:36 INFO  ebanking:22 - password provided
2021-10-09 06:31:43 WARN  ebanking:42 - Login passed
2021-10-09 06:31:50 INFO  ebanking:20 - username provided
2021-10-09 06:31:50 INFO  ebanking:22 - password provided
2021-10-09 06:31:57 INFO  ebanking:20 - username provided
2021-10-09 06:31:57 INFO  ebanking:22 - password provided
2021-10-09 06:32:04 INFO  ebanking:20 - username provided
2021-10-09 06:32:04 INFO  ebanking:22 - password provided
2021-10-09 06:32:11 WARN  ebanking:42 - Login passed
2021-10-09 06:32:19 INFO  ebanking:20 - username provided
2021-10-09 06:32:19 INFO  ebanking:22 - password provided
2021-10-09 06:40:03 INFO  ebanking:17 - URL is opened
2021-10-10 04:29:03 INFO  ebanking:17 - URL is opened
2021-10-10 04:29:03 INFO  ebanking:21 - Username is entered
2021-10-10 04:29:04 INFO  ebanking:24 - Password is entered
2021-10-10 04:29:17 INFO  ebanking:20 - username provided
2021-10-10 04:29:17 INFO  ebanking:22 - password provided
2021-10-10 04:29:26 WARN  ebanking:42 - Login passed
2021-10-10 04:29:33 INFO  ebanking:20 - username provided
2021-10-10 04:29:33 INFO  ebanking:22 - password provided
2021-10-10 04:29:39 INFO  ebanking:20 - username provided
2021-10-10 04:29:40 INFO  ebanking:22 - password provided
2021-10-10 04:29:46 INFO  ebanking:20 - username provided
2021-10-10 04:29:46 INFO  ebanking:22 - password provided
2021-10-10 04:29:54 WARN  ebanking:42 - Login passed
2021-10-10 04:30:01 INFO  ebanking:20 - username provided
2021-10-10 04:30:01 INFO  ebanking:22 - password provided
2021-10-10 04:33:01 INFO  ebanking:17 - URL is opened
2021-10-10 04:33:01 INFO  ebanking:21 - Username is entered
2021-10-10 04:33:01 INFO  ebanking:24 - Password is entered
2021-10-10 04:33:41 INFO  ebanking:20 - username provided
2021-10-10 04:33:41 INFO  ebanking:22 - password provided
2021-10-10 04:33:49 WARN  ebanking:42 - Login passed
2021-10-10 04:34:02 INFO  ebanking:20 - username provided
2021-10-10 04:34:02 INFO  ebanking:22 - password provided
2021-10-10 04:34:09 WARN  ebanking:42 - Login passed
2021-10-10 04:34:16 INFO  ebanking:20 - username provided
2021-10-10 04:34:16 INFO  ebanking:22 - password provided
2021-10-10 04:35:32 INFO  ebanking:17 - URL is opened
2021-10-10 04:35:32 INFO  ebanking:21 - Username is entered
2021-10-10 04:35:32 INFO  ebanking:24 - Password is entered
2021-10-10 04:35:44 INFO  ebanking:20 - username provided
2021-10-10 04:35:44 INFO  ebanking:22 - password provided
2021-10-10 04:35:52 WARN  ebanking:42 - Login passed
2021-10-10 04:35:58 INFO  ebanking:20 - username provided
2021-10-10 04:35:58 INFO  ebanking:22 - password provided
2021-10-10 04:36:04 INFO  ebanking:20 - username provided
2021-10-10 04:36:04 INFO  ebanking:22 - password provided
2021-10-10 04:36:11 INFO  ebanking:20 - username provided
2021-10-10 04:36:11 INFO  ebanking:22 - password provided
2021-10-10 04:36:18 WARN  ebanking:42 - Login passed
2021-10-10 04:36:24 INFO  ebanking:20 - username provided
2021-10-10 04:36:24 INFO  ebanking:22 - password provided
2021-10-10 04:37:41 INFO  ebanking:17 - URL is opened
2021-10-10 04:37:41 INFO  ebanking:21 - Username is entered
2021-10-10 04:37:41 INFO  ebanking:24 - Password is entered
2021-10-10 04:37:59 INFO  ebanking:20 - username provided
2021-10-10 04:37:59 INFO  ebanking:22 - password provided
2021-10-10 04:38:10 WARN  ebanking:42 - Login passed
2021-10-10 04:38:18 INFO  ebanking:20 - username provided
2021-10-10 04:38:18 INFO  ebanking:22 - password provided
2021-10-10 04:38:25 INFO  ebanking:20 - username provided
2021-10-10 04:38:25 INFO  ebanking:22 - password provided
2021-10-10 04:38:32 INFO  ebanking:20 - username provided
2021-10-10 04:38:32 INFO  ebanking:22 - password provided
2021-10-10 04:38:39 WARN  ebanking:42 - Login passed
2021-10-10 04:38:45 INFO  ebanking:20 - username provided
2021-10-10 04:38:45 INFO  ebanking:22 - password provided
2021-10-10 12:14:04 INFO  ebanking:17 - URL is opened
2021-10-10 12:14:04 INFO  ebanking:21 - Username is entered
2021-10-10 12:14:04 INFO  ebanking:24 - Password is entered
2021-10-10 12:14:15 INFO  ebanking:20 - username provided
2021-10-10 12:14:15 INFO  ebanking:22 - password provided
2021-10-10 12:14:23 WARN  ebanking:42 - Login passed
2021-10-10 12:16:23 INFO  ebanking:17 - URL is opened
2021-10-10 12:16:23 INFO  ebanking:21 - Username is entered
2021-10-10 12:16:23 INFO  ebanking:24 - Password is entered
2021-10-10 12:16:37 INFO  ebanking:20 - username provided
2021-10-10 12:16:37 INFO  ebanking:22 - password provided
2021-10-10 12:16:44 WARN  ebanking:42 - Login passed
2021-10-10 12:16:52 INFO  ebanking:20 - username provided
2021-10-10 12:16:52 INFO  ebanking:22 - password provided
2021-10-10 12:16:58 INFO  ebanking:20 - username provided
2021-10-10 12:16:58 INFO  ebanking:22 - password provided
2021-10-10 12:17:05 INFO  ebanking:20 - username provided
2021-10-10 12:17:05 INFO  ebanking:22 - password provided
2021-10-10 12:17:12 WARN  ebanking:42 - Login passed
2021-10-10 12:17:19 INFO  ebanking:20 - username provided
2021-10-10 12:17:19 INFO  ebanking:22 - password provided
2021-10-10 13:29:07 INFO  ebanking:17 - URL is opened
2021-10-10 13:29:07 INFO  ebanking:21 - Username is entered
2021-10-10 13:29:07 INFO  ebanking:24 - Password is entered
2021-10-10 13:29:18 INFO  ebanking:20 - username provided
2021-10-10 13:29:18 INFO  ebanking:22 - password provided
2021-10-10 13:29:28 WARN  ebanking:42 - Login passed
2021-10-10 13:29:35 INFO  ebanking:20 - username provided
2021-10-10 13:29:35 INFO  ebanking:22 - password provided
2021-10-10 13:29:41 INFO  ebanking:20 - username provided
2021-10-10 13:29:41 INFO  ebanking:22 - password provided
2021-10-10 13:29:48 INFO  ebanking:20 - username provided
2021-10-10 13:29:48 INFO  ebanking:22 - password provided
2021-10-10 13:29:55 WARN  ebanking:42 - Login passed
2021-10-10 13:30:02 INFO  ebanking:20 - username provided
2021-10-10 13:30:02 INFO  ebanking:22 - password provided
2021-10-10 14:16:16 INFO  ebanking:17 - URL is opened
2021-10-10 14:16:16 INFO  ebanking:21 - Username is entered
2021-10-10 14:16:16 INFO  ebanking:24 - Password is entered
2021-10-10 14:16:53 INFO  ebanking:20 - username provided
2021-10-10 14:16:53 INFO  ebanking:22 - password provided
2021-10-10 14:17:04 WARN  ebanking:42 - Login passed
2021-10-10 14:17:12 INFO  ebanking:20 - username provided
2021-10-10 14:17:12 INFO  ebanking:22 - password provided
2021-10-10 14:17:19 INFO  ebanking:20 - username provided
2021-10-10 14:17:19 INFO  ebanking:22 - password provided
2021-10-10 14:17:26 INFO  ebanking:20 - username provided
2021-10-10 14:17:26 INFO  ebanking:22 - password provided
2021-10-10 14:17:33 WARN  ebanking:42 - Login passed
2021-10-10 14:17:40 INFO  ebanking:20 - username provided
2021-10-10 14:17:40 INFO  ebanking:22 - password provided
2021-10-10 14:18:18 INFO  ebanking:17 - URL is opened
2021-10-10 14:18:18 INFO  ebanking:21 - Username is entered
2021-10-10 14:18:18 INFO  ebanking:24 - Password is entered
2021-10-10 14:18:41 INFO  ebanking:20 - username provided
2021-10-10 14:18:41 INFO  ebanking:22 - password provided
2021-10-10 14:18:48 WARN  ebanking:42 - Login passed
2021-10-10 14:18:56 INFO  ebanking:20 - username provided
2021-10-10 14:18:56 INFO  ebanking:22 - password provided
2021-10-10 14:19:03 INFO  ebanking:20 - username provided
2021-10-10 14:19:03 INFO  ebanking:22 - password provided
2021-10-10 14:19:09 INFO  ebanking:20 - username provided
2021-10-10 14:19:09 INFO  ebanking:22 - password provided
2021-10-10 14:19:17 WARN  ebanking:42 - Login passed
2021-10-10 14:19:24 INFO  ebanking:20 - username provided
2021-10-10 14:19:24 INFO  ebanking:22 - password provided
2021-10-10 14:21:30 INFO  ebanking:17 - URL is opened
2021-10-10 14:21:30 INFO  ebanking:21 - Username is entered
2021-10-10 14:21:30 INFO  ebanking:24 - Password is entered
2021-10-10 14:21:42 INFO  ebanking:20 - username provided
2021-10-10 14:21:42 INFO  ebanking:22 - password provided
2021-10-10 14:21:50 WARN  ebanking:42 - Login passed
2021-10-10 14:22:04 INFO  ebanking:20 - username provided
2021-10-10 14:22:04 INFO  ebanking:22 - password provided
2021-10-10 14:22:12 WARN  ebanking:42 - Login passed
2021-10-10 14:22:19 INFO  ebanking:20 - username provided
2021-10-10 14:22:19 INFO  ebanking:22 - password provided
2021-10-10 14:24:08 INFO  ebanking:17 - URL is opened
2021-10-10 14:24:08 INFO  ebanking:21 - Username is entered
2021-10-10 14:24:08 INFO  ebanking:24 - Password is entered
2021-10-10 14:24:20 INFO  ebanking:20 - username provided
2021-10-10 14:24:20 INFO  ebanking:22 - password provided
2021-10-10 14:24:27 WARN  ebanking:42 - Login passed
2021-10-10 14:24:34 INFO  ebanking:20 - username provided
2021-10-10 14:24:34 INFO  ebanking:22 - password provided
2021-10-10 14:24:40 INFO  ebanking:20 - username provided
2021-10-10 14:24:40 INFO  ebanking:22 - password provided
2021-10-10 14:24:48 INFO  ebanking:20 - username provided
2021-10-10 14:24:48 INFO  ebanking:22 - password provided
2021-10-10 14:24:55 WARN  ebanking:42 - Login passed
2021-10-10 14:25:03 INFO  ebanking:20 - username provided
2021-10-10 14:25:03 INFO  ebanking:22 - password provided
2021-10-10 18:30:46 INFO  ebanking:17 - URL is opened
2021-10-10 18:30:46 INFO  ebanking:21 - Username is entered
2021-10-10 18:30:46 INFO  ebanking:24 - Password is entered
2021-10-10 18:30:58 INFO  ebanking:20 - username provided
2021-10-10 18:30:58 INFO  ebanking:22 - password provided
2021-10-10 18:31:05 WARN  ebanking:42 - Login passed
2021-10-10 18:31:13 INFO  ebanking:20 - username provided
2021-10-10 18:31:13 INFO  ebanking:22 - password provided
2021-10-10 18:35:25 INFO  ebanking:17 - URL is opened
2021-10-10 18:35:25 INFO  ebanking:21 - Username is entered
2021-10-10 18:35:25 INFO  ebanking:24 - Password is entered
2021-10-10 18:35:37 INFO  ebanking:20 - username provided
2021-10-10 18:35:37 INFO  ebanking:22 - password provided
2021-10-10 18:35:45 WARN  ebanking:42 - Login passed
2021-10-10 18:35:51 INFO  ebanking:20 - username provided
2021-10-10 18:35:51 INFO  ebanking:22 - password provided
2021-10-10 18:35:58 INFO  ebanking:20 - username provided
2021-10-10 18:35:58 INFO  ebanking:22 - password provided
2021-10-10 18:36:05 INFO  ebanking:20 - username provided
2021-10-10 18:36:05 INFO  ebanking:22 - password provided
2021-10-10 18:36:12 WARN  ebanking:42 - Login passed
2021-10-10 18:36:20 INFO  ebanking:20 - username provided
2021-10-10 18:36:20 INFO  ebanking:22 - password provided
2021-10-10 18:36:38 INFO  ebanking:17 - URL is opened
2021-10-10 18:36:38 INFO  ebanking:21 - Username is entered
2021-10-10 18:36:38 INFO  ebanking:24 - Password is entered
2021-10-10 18:36:50 INFO  ebanking:20 - username provided
2021-10-10 18:36:50 INFO  ebanking:22 - password provided
2021-10-10 18:36:58 WARN  ebanking:42 - Login passed
2021-10-10 18:37:06 INFO  ebanking:20 - username provided
2021-10-10 18:37:06 INFO  ebanking:22 - password provided
2021-10-10 18:37:12 INFO  ebanking:20 - username provided
2021-10-10 18:37:12 INFO  ebanking:22 - password provided
2021-10-10 18:37:19 INFO  ebanking:20 - username provided
2021-10-10 18:37:19 INFO  ebanking:22 - password provided
2021-10-10 18:37:26 WARN  ebanking:42 - Login passed
2021-10-10 18:37:34 INFO  ebanking:20 - username provided
2021-10-10 18:37:34 INFO  ebanking:22 - password provided
2021-10-11 17:54:53 INFO  ebanking:17 - URL is opened
2021-10-11 17:54:53 INFO  ebanking:21 - Username is entered
2021-10-11 17:54:53 INFO  ebanking:24 - Password is entered
2021-10-11 17:55:23 INFO  ebanking:20 - username provided
2021-10-11 17:55:23 INFO  ebanking:22 - password provided
2021-10-11 17:55:30 WARN  ebanking:42 - Login passed
2021-10-11 17:58:58 INFO  ebanking:17 - URL is opened
2021-10-11 17:58:58 INFO  ebanking:21 - Username is entered
2021-10-11 17:58:58 INFO  ebanking:24 - Password is entered
2021-10-11 17:59:43 INFO  ebanking:20 - username provided
2021-10-11 17:59:43 INFO  ebanking:22 - password provided
2021-10-11 17:59:51 WARN  ebanking:42 - Login passed
2021-10-11 18:00:12 INFO  ebanking:20 - username provided
2021-10-11 18:00:12 INFO  ebanking:22 - password provided
2021-10-16 14:51:02 INFO  ebanking:17 - URL is opened
2021-10-16 14:51:02 INFO  ebanking:21 - Username is entered
2021-10-16 14:51:02 INFO  ebanking:24 - Password is entered
2021-10-16 14:51:17 INFO  ebanking:20 - username provided
2021-10-16 14:51:17 INFO  ebanking:22 - password provided
2021-10-16 14:51:24 WARN  ebanking:42 - Login passed
2021-10-16 14:51:31 INFO  ebanking:20 - username provided
2021-10-16 14:51:31 INFO  ebanking:22 - password provided
2021-10-16 14:51:39 INFO  ebanking:20 - username provided
2021-10-16 14:51:39 INFO  ebanking:22 - password provided
2021-10-16 14:51:46 INFO  ebanking:20 - username provided
2021-10-16 14:51:46 INFO  ebanking:22 - password provided
2021-10-16 14:51:53 WARN  ebanking:42 - Login passed
2021-10-16 14:52:02 INFO  ebanking:20 - username provided
2021-10-16 14:52:02 INFO  ebanking:22 - password provided
2021-10-16 14:52:26 INFO  ebanking:17 - URL is opened
2021-10-16 14:52:26 INFO  ebanking:21 - Username is entered
2021-10-16 14:52:26 INFO  ebanking:24 - Password is entered
2021-10-16 14:52:39 INFO  ebanking:20 - username provided
2021-10-16 14:52:40 INFO  ebanking:22 - password provided
2021-10-16 14:52:47 WARN  ebanking:42 - Login passed
2021-10-16 14:52:57 INFO  ebanking:20 - username provided
2021-10-16 14:52:57 INFO  ebanking:22 - password provided
2021-10-16 14:53:04 INFO  ebanking:20 - username provided
2021-10-16 14:53:04 INFO  ebanking:22 - password provided
2021-10-16 14:53:11 INFO  ebanking:20 - username provided
2021-10-16 14:53:11 INFO  ebanking:22 - password provided
2021-10-16 14:53:18 WARN  ebanking:42 - Login passed
2021-10-16 14:53:26 INFO  ebanking:20 - username provided
2021-10-16 14:53:26 INFO  ebanking:22 - password provided
